============================= test session starts =============================
platform win32 -- Python 2.7.12, pytest-3.0.7, py-1.4.33, pluggy-0.4.0
rootdir: C:\Automation\pipd_sse-automation\test_cases, inifile: pytest.ini
plugins: teamcity-messages-1.21
collected 1 items

test_cases\ec\exbat\test_ec_exbat.py 03-04 14:59:29 - INFO: PyTest: Setting Log level info
03-04 14:59:37 - INFO: DeviceBase-MainThread: Connect to DUT.
.....03-04 14:59:43 - INFO: PyTest: #########################################
03-04 14:59:43 - INFO: PyTest: Start test test_EC_Validate_booting_SUT_with_USB_TypeC_power_adapter_and_without_battery_connected
03-04 14:59:43 - INFO: DeviceBase-MainThread: Connect to DUT.
.
.
.
03-04 14:59:47 - INFO: EnterLowPowerState-MainThread: Enter low power state "g3"
.
.
.
03-04 14:59:52 - INFO: WindowsDeviceBase-MainThread: Local system is scheduled to shut down in 00:00:05.


03-04 14:59:53 - INFO: WindowsDeviceBase-MainThread: Waiting for Power Down to complete
.
..

03-04 15:00:04 - INFO: WindowsDeviceBase-MainThread: Power Down Completed
03-04 15:00:24 - INFO: TTKRelay-MainThread: Disconnecting the battery
.
.
03-04 15:00:37 - INFO: EnterLowPowerState-MainThread: Completed putting DUT in to g3 state.
.
Switching OFF the NRS Board Switch 2
ReturnMsg  = Success

Switching OFF the NRS Board Switch 3
ReturnMsg  = Success

03-04 15:01:01 - INFO: Connect-MainThread: Completed disconnecting devices.
.
Switching ON the Port 1of NRS Board Switch 2
ReturnMsg  = Success

03-04 15:01:14 - INFO: Connect-MainThread: Completed connecting devices.
03-04 15:02:21 - INFO: DeviceBase-MainThread: Connect to DUT.
.....03-04 15:02:28 - INFO: DeviceBase-MainThread: Successfully connected to DUT.
Upload test step: common/setup/verify_device_deviceManager.py
ERROR: Device manager shows yellow bang for 'OEM Camera Rear'.Error code: 10
ERROR: Device manager shows yellow bang for 'Camera Sensor OV8856'.Error code: 10
ERROR: Device manager shows yellow bang for 'Camera Sensor OV9234'.Error code: 10

Return value: (u'Camera Sensor OV9234', True)
ERROR : Yellow bang observed for Camera Sensor OV9234
03-04 15:02:37 - INFO: DeviceBase-MainThread: Connect to DUT.
03-04 15:02:37 - INFO: EnterLowPowerState-MainThread: Enter low power state "g3"
.
.
.
03-04 15:02:41 - INFO: WindowsDeviceBase-MainThread: Local system is scheduled to shut down in 00:00:05.


03-04 15:02:42 - INFO: WindowsDeviceBase-MainThread: Waiting for Power Down to complete
.
..
..

03-04 15:02:58 - INFO: WindowsDeviceBase-MainThread: Power Down Completed
03-04 15:03:18 - INFO: TTKRelay-MainThread: Disconnecting the battery
.
.
03-04 15:03:31 - INFO: EnterLowPowerState-MainThread: Completed putting DUT in to g3 state.
.
Switching OFF the NRS Board Switch 2
ReturnMsg  = Success

Switching OFF the NRS Board Switch 3
ReturnMsg  = Success

03-04 15:03:56 - INFO: Connect-MainThread: Completed disconnecting devices.
.
Switching ON the Port 1of NRS Board Switch 3
ReturnMsg  = Success

03-04 15:04:09 - INFO: Connect-MainThread: Completed connecting devices.
03-04 15:05:16 - INFO: DeviceBase-MainThread: Connect to DUT.
.....03-04 15:05:22 - INFO: DeviceBase-MainThread: Successfully connected to DUT.
Upload test step: common/setup/verify_device_deviceManager.py
ERROR: Device manager shows yellow bang for 'OEM Camera Rear'.Error code: 10
ERROR: Device manager shows yellow bang for 'Camera Sensor OV8856'.Error code: 10
ERROR: Device manager shows yellow bang for 'Camera Sensor OV9234'.Error code: 10

Return value: (u'Camera Sensor OV9234', True)
ERROR : Yellow bang observed for Camera Sensor OV9234
.03-04 15:05:31 - INFO: PyTest: Test Completed test_EC_Validate_booting_SUT_with_USB_TypeC_power_adapter_and_without_battery_connected
03-04 15:05:31 - INFO: PyTest: #########################################


========================= 1 passed in 362.42 seconds ==========================
